<?xml version="1.0" encoding="UTF-8"?>
<testsuite name="org.example.AppTest" tests="1" skipped="0" failures="0" errors="0" timestamp="2026-04-16T09:22:28.083Z" hostname="Mikaels-MacBook-Air.local" time="0.438">
  <properties/>
  <testcase name="testLoadAndRotate()" classname="org.example.AppTest" time="0.438"/>
  <system-out><![CDATA[11:22:27.090 [Test worker] INFO org.springframework.test.context.support.AnnotationConfigContextLoaderUtils -- Could not detect default configuration classes for test class [org.example.AppTest]: AppTest does not declare any static, non-private, non-final, nested classes annotated with @Configuration.
11:22:27.129 [Test worker] INFO org.springframework.boot.test.context.SpringBootTestContextBootstrapper -- Found @SpringBootConfiguration org.example.App for test class org.example.AppTest

  .   ____          _            __ _ _
 /\\ / ___'_ __ _ _(_)_ __  __ _ \ \ \ \
( ( )\___ | '_ | '_| | '_ \/ _` | \ \ \ \
 \\/  ___)| |_)| | | | | || (_| |  ) ) ) )
  '  |____| .__|_| |_|_| |_\__, | / / / /
 =========|_|==============|___/=/_/_/_/

 :: Spring Boot ::                (v3.4.4)

2026-04-16T11:22:27.245+02:00  INFO 9206 --- [    Test worker] org.example.AppTest                      : Starting AppTest using Java 21.0.10 with PID 9206 (started by miwa in /Volumes/dev/game-server/app)
2026-04-16T11:22:27.245+02:00  INFO 9206 --- [    Test worker] org.example.AppTest                      : No active profile set, falling back to 1 default profile: "default"
2026-04-16T11:22:27.546+02:00  INFO 9206 --- [    Test worker] o.s.v.b.OptionalValidatorFactoryBean     : Failed to set up a Bean Validation provider: jakarta.validation.NoProviderFoundException: Unable to create a Configuration, because no Jakarta Bean Validation provider could be found. Add a provider like Hibernate Validator (RI) to your classpath.
2026-04-16T11:22:27.643+02:00  INFO 9206 --- [    Test worker] org.example.AppTest                      : Started AppTest in 0.469 seconds (process running for 0.841)
2026-04-16T11:22:27.714+02:00  INFO 9206 --- [    Test worker] org.example.LoadGraphics                 : Loaded PSD: battleship.psd (1024x1024)
2026-04-16T11:22:27.728+02:00  INFO 9206 --- [    Test worker] org.example.LoadGraphics                 : Rotated battleship.psd by 90 degrees. New dimensions: 1024x1024
2026-04-16T11:22:27.729+02:00  INFO 9206 --- [    Test worker] org.example.LoadGraphics                 : Created a copy of battleship.psd. Hash code: original=1391249801, copy=1969752268
2026-04-16T11:22:27.786+02:00  INFO 9206 --- [    Test worker] org.example.LoadGraphics                 : Loaded PSD: bomber.psd (1024x1024)
2026-04-16T11:22:27.858+02:00  INFO 9206 --- [    Test worker] org.example.LoadGraphics                 : Loaded PSD: carrier.psd (1024x1024)
2026-04-16T11:22:27.879+02:00  INFO 9206 --- [    Test worker] org.example.LoadGraphics                 : Loaded PSD: destroyer.psd (1024x1024)
2026-04-16T11:22:27.902+02:00  INFO 9206 --- [    Test worker] org.example.LoadGraphics                 : Loaded PSD: fighter.psd (1024x1024)
2026-04-16T11:22:27.928+02:00  INFO 9206 --- [    Test worker] org.example.LoadGraphics                 : Loaded PSD: submarine.psd (1024x1024)
2026-04-16T11:22:27.997+02:00  INFO 9206 --- [    Test worker] org.example.LoadGraphics                 : Loaded PSD: tank.psd (1024x1024)
2026-04-16T11:22:28.040+02:00  INFO 9206 --- [    Test worker] org.example.LoadGraphics                 : Loaded PSD: transport.psd (1024x1024)
2026-04-16T11:22:28.077+02:00  INFO 9206 --- [    Test worker] org.example.LoadGraphics                 : Loaded PSD: troop.psd (1024x1024)
2026-04-16T11:22:28.077+02:00  INFO 9206 --- [    Test worker] org.example.LoadGraphics                 : Total images loaded into memory: 9
]]></system-out>
  <system-err><![CDATA[Mockito is currently self-attaching to enable the inline-mock-maker. This will no longer work in future releases of the JDK. Please add Mockito as an agent to your build what is described in Mockito's documentation: https://javadoc.io/doc/org.mockito/mockito-core/latest/org/mockito/Mockito.html#0.3
WARNING: A Java agent has been loaded dynamically (/Users/miwa/.gradle/caches/modules-2/files-2.1/net.bytebuddy/byte-buddy-agent/1.15.11/a38b16385e867f59a641330f0362ebe742788ed8/byte-buddy-agent-1.15.11.jar)
WARNING: If a serviceability tool is in use, please run with -XX:+EnableDynamicAgentLoading to hide this warning
WARNING: If a serviceability tool is not in use, please run with -Djdk.instrument.traceUsage for more information
WARNING: Dynamic loading of agents will be disallowed by default in a future release
]]></system-err>
</testsuite>
